<?xml version="1.0" encoding="UTF-8"?>
<testng-results ignored="0" total="1" passed="1" failed="0" skipped="0">
  <reporter-output>
  </reporter-output>
  <suite started-at="2024-10-20T09:36:21 EEST" name="Suite" finished-at="2024-10-20T09:36:50 EEST" duration-ms="28952">
    <groups>
    </groups>
    <test started-at="2024-10-20T09:36:21 EEST" name="Test" finished-at="2024-10-20T09:36:50 EEST" duration-ms="28952">
      <class name="testClasses.PurchaseShirtTest">
        <test-method is-config="true" signature="myBeforeTest()[pri:0, instance:testClasses.PurchaseShirtTest@73db4768]" started-at="2024-10-20T09:36:17 EEST" name="myBeforeTest" finished-at="2024-10-20T09:36:21 EEST" duration-ms="4393" status="PASS">
          <reporter-output>
          </reporter-output>
        </test-method> <!-- myBeforeTest -->
        <test-method signature="ProductCheckoutTest()[pri:0, instance:testClasses.PurchaseShirtTest@73db4768]" started-at="2024-10-20T09:36:21 EEST" name="ProductCheckoutTest" description="End-to-End Purchase Flow for a Shirt Product" finished-at="2024-10-20T09:36:50 EEST" duration-ms="28900" status="PASS">
          <reporter-output>
          </reporter-output>
        </test-method> <!-- ProductCheckoutTest -->
        <test-method is-config="true" signature="myAfterTest()[pri:0, instance:testClasses.PurchaseShirtTest@73db4768]" started-at="2024-10-20T09:36:50 EEST" name="myAfterTest" finished-at="2024-10-20T09:36:51 EEST" duration-ms="244" status="PASS">
          <reporter-output>
          </reporter-output>
        </test-method> <!-- myAfterTest -->
      </class> <!-- testClasses.PurchaseShirtTest -->
    </test> <!-- Test -->
  </suite> <!-- Suite -->
</testng-results>
